[    4658ms] [WARNING] A preload for 'https://vanilla.futurecdn.net/kiplinger/news.Bn6mm-hD.es6.js' is found, but is not used because the request credentials mode does not match. Consider taking a look at crossorigin attribute. @ https://www.kiplinger.com/taxes/the-mamdani-effect-in-new-york-can-the-city-afford-a-millionaire-tax:7416
[    5687ms] [ERROR] Failed to load resource: the server responded with a status of 404 () @ https://cache.pythia.futureplc.com/v1alpha1/decision-engine/match_all:0
[    5688ms] TypeError: Cannot read properties of undefined (reading 'length')
    at dd.generateCampaignsFromMatchAllResponse (https://vanilla.futurecdn.net/kiplinger/app.Cl0pY1ep.js:12:8688)
    at dd.<anonymous> (https://vanilla.futurecdn.net/kiplinger/app.Cl0pY1ep.js:12:8289)
    at Generator.next (<anonymous>)
    at i (https://vanilla.futurecdn.net/kiplinger/app.Cl0pY1ep.js:1:502)
[    5809ms] [LOG] isUSer logged in false @ https://www.kiplinger.com/vite/assets/Newsletter/Modal/Modal.ts-Bf2y-Sts.js:0
[    7155ms] [INFO] 
IFRAME-RESIZER

Iframe-Resizer 5 is now available via the following two packages:

 * @iframe-resizer/parent
 * @iframe-resizer/child

Additionally their are also new versions of iframe-resizer for React, Vue, and jQuery.

Version 5 of iframe-resizer has been extensively rewritten to use modern browser APIs, which has enabled significantly better performance and greater accuracy in the detection of content resizing events.

Please see https://iframe-resizer.com/upgrade for more details.
 @ https://bordeaux.futurecdn.net/bordeaux.js:53
[    7317ms] [WARNING] %c BORDEAUX  background: #800020; color: #ffffff Error "AbortError" while fetching hybrid id. @ https://bordeaux.futurecdn.net/bordeaux.js:53
[    8124ms] [LOG] Messaging without detection successfully executed. @ https://bordeaux.futurecdn.net/bordeaux.js:53
[    8173ms] [LOG] interaction complete @ https://bordeaux.futurecdn.net/bordeaux.js:53
[    8623ms] [LOG] %c BORDEAUX  background: #800020; color: #ffffff EUID: No hashed email available from FUTR or lrh query param @ https://bordeaux.futurecdn.net/bordeaux.js:53
[    9300ms] [ERROR] ERROR - (ATS-DROPMATCH-MODULE) PixelID is not configured. @ https://bordeaux.futurecdn.net/bordeaux.js:53
[    9303ms] [ERROR] Failed to load resource: the server responded with a status of 451 () @ https://api.rlcdn.com/api/identity/envelope?pid=12243:0
[   10275ms] [LOG] %c BORDEAUX  background: #800020; color: #ffffff Static slot top-leaderboard could not find an element with hook '#top-leaderboard'. @ https://bordeaux.futurecdn.net/bordeaux.js:53
[   10275ms] [LOG] %c BORDEAUX  background: #800020; color: #ffffff Static slot static-leaderboard could not find any elements with hook '.static-leaderboard'. @ https://bordeaux.futurecdn.net/bordeaux.js:53
[   10275ms] [LOG] %c BORDEAUX  background: #800020; color: #ffffff Static slot sponsored could not find any elements with hook '.sponsored-post'. @ https://bordeaux.futurecdn.net/bordeaux.js:53
[   10277ms] [LOG] %c BORDEAUX  background: #800020; color: #ffffff Static slot static-highline could not find any elements with hook '.highline-leaderboard'. @ https://bordeaux.futurecdn.net/bordeaux.js:53
[   10853ms] [LOG] [BC]DataLayer available @ https://bordeaux.futurecdn.net/bordeaux.js:53
[   11091ms] [WARNING] The resource https://vanilla.futurecdn.net/kiplinger/news.Bn6mm-hD.es6.js was preloaded using link preload but not used within a few seconds from the window's load event. Please make sure it has an appropriate `as` value and it is preloaded intentionally. @ https://www.kiplinger.com/taxes/the-mamdani-effect-in-new-york-can-the-city-afford-a-millionaire-tax:0
[   11115ms] TypeError: Cannot read properties of null (reading 'innerHTML')
    at doBcApiThings (<anonymous>:3:62)
    at <anonymous>:46:5
    at window.<computed>.<computed>.<computed> [as appendChild] (https://scripts.webcontentassessor.com/scripts/32a499813a2789e48c642a4f8d0532752f3549f6faedee4f138f2c8d671c7122:1:92773)
    at Object.loadInlineScript (https://g314.kiplinger.com/script.js:165:432)
    at Object.loadInlineScript (https://g314.kiplinger.com/script.js:71:252)
    at c._addInlineJavascript (https://g314.kiplinger.com/plugin/plugin/1f266265d3cadcc2f447661ed22a8e73:1:34276)
    at https://g314.kiplinger.com/plugin/plugin/1f266265d3cadcc2f447661ed22a8e73:1:32363
    at c._handleJavascript (https://g314.kiplinger.com/plugin/plugin/1f266265d3cadcc2f447661ed22a8e73:1:34433)
    at Array.<anonymous> (https://g314.kiplinger.com/plugin/plugin/1f266265d3cadcc2f447661ed22a8e73:1:32299)
    at c.callbackChain (https://g314.kiplinger.com/plugin/plugin/1f266265d3cadcc2f447661ed22a8e73:1:26816)
[   11159ms] [LOG] [BC]Pushing event: BlueConic.VIEW @ https://bordeaux.futurecdn.net/bordeaux.js:53
[   11311ms] [WARNING] %c BORDEAUX  background: #800020; color: #ffffff The ad unit 'top-leaderboard' has a slot affinity 'top-leaderboard' but the slot could not be created. @ https://bordeaux.futurecdn.net/bordeaux.js:53
[   11370ms] [LOG] [BC]Pushing event: BlueConic.VIEW @ https://bordeaux.futurecdn.net/bordeaux.js:53
[   14078ms] [WARNING] [GPT] Using deprecated googletag.encryptedSignalProviders. Please use googletag.secureSignalProviders instead.
https://goo.gle/gpt-message#155 @ https://bordeaux.futurecdn.net/bordeaux.js:53
[   15655ms] [WARNING] An iframe which has both allow-scripts and allow-same-origin for its sandbox attribute can escape its sandboxing. @ https://scripts.webcontentassessor.com/scripts/32a499813a2789e48c642a4f8d0532752f3549f6faedee4f138f2c8d671c7122:0
[   16113ms] [WARNING] This ad's html cannot be accessed using the getHtml method on googletag.Slot. Returning the empty string instead. @ https://bordeaux.futurecdn.net/bordeaux.js:53
[   17084ms] [ERROR] Attestation check for Attribution Reporting on https://ad.doubleclick.net failed. @ https://www.kiplinger.com/taxes/the-mamdani-effect-in-new-york-can-the-city-afford-a-millionaire-tax:0
[   17101ms] [WARNING] The resource https://vanilla.futurecdn.net/kiplinger/news.Bn6mm-hD.es6.js was preloaded using link preload but not used within a few seconds from the window's load event. Please make sure it has an appropriate `as` value and it is preloaded intentionally. @ https://www.kiplinger.com/taxes/the-mamdani-effect-in-new-york-can-the-city-afford-a-millionaire-tax:0
[   17520ms] [ERROR] Attestation check for Attribution Reporting on https://ad.doubleclick.net failed. @ https://www.kiplinger.com/taxes/the-mamdani-effect-in-new-york-can-the-city-afford-a-millionaire-tax:0
[   18336ms] [ERROR] Attestation check for Shared Storage on https://www.googleadservices.com failed. @ https://www.googleadservices.com/pagead/managed/js/activeview/current/reach_worklet.html:0
[   18486ms] [ERROR] Failed to load resource: the server responded with a status of 400 (Bad Request) @ https://sync.e-volution.ai/3b2daa038df3c30052752dd6f56bb9f0.gif?puid=5591753974643905511&gdpr=&gdpr_consent=&us_privacy=${CCPA_CONSENT}:0
[   19025ms] Failed to read a named property 'addEventListener' from 'Window': Blocked a frame with origin "https://ebcd0a2022746d061e77df3b9b4b33c1.safeframe.googlesyndication.com" from accessing a cross-origin frame.
[   18336ms] [ERROR] Attestation check for Shared Storage on https://www.googleadservices.com failed. @ https://www.googleadservices.com/pagead/managed/js/activeview/current/reach_worklet.html:0
[   20702ms] [ERROR] Attestation check for Shared Storage on https://www.googleadservices.com failed. @ https://www.googleadservices.com/pagead/managed/js/activeview/current/reach_worklet.html:0
[   44717ms] [WARNING] The resource https://vanilla.futurecdn.net/kiplinger/news.Bn6mm-hD.es6.js was preloaded using link preload but not used within a few seconds from the window's load event. Please make sure it has an appropriate `as` value and it is preloaded intentionally. @ https://www.kiplinger.com/taxes/the-mamdani-effect-in-new-york-can-the-city-afford-a-millionaire-tax:0
[   52770ms] [WARNING] The resource https://vanilla.futurecdn.net/kiplinger/news.Bn6mm-hD.es6.js was preloaded using link preload but not used within a few seconds from the window's load event. Please make sure it has an appropriate `as` value and it is preloaded intentionally. @ https://www.kiplinger.com/taxes/the-mamdani-effect-in-new-york-can-the-city-afford-a-millionaire-tax:0
[   62794ms] [WARNING] The resource https://vanilla.futurecdn.net/kiplinger/news.Bn6mm-hD.es6.js was preloaded using link preload but not used within a few seconds from the window's load event. Please make sure it has an appropriate `as` value and it is preloaded intentionally. @ https://www.kiplinger.com/taxes/the-mamdani-effect-in-new-york-can-the-city-afford-a-millionaire-tax:0
[   68070ms] [ERROR] Failed to load resource: net::ERR_CONNECTION_TIMED_OUT @ https://events.newsroom.bi/ingest.php:0
[   73219ms] [ERROR] Failed to load resource: net::ERR_CONNECTION_TIMED_OUT @ https://icu.newsroom.bi/ingest.php:0
[   74746ms] [ERROR] Failed to load resource: net::ERR_CONNECTION_TIMED_OUT @ https://icu.newsroom.bi/ingest.php:0
[   77750ms] [WARNING] The resource https://vanilla.futurecdn.net/kiplinger/news.Bn6mm-hD.es6.js was preloaded using link preload but not used within a few seconds from the window's load event. Please make sure it has an appropriate `as` value and it is preloaded intentionally. @ https://www.kiplinger.com/taxes/the-mamdani-effect-in-new-york-can-the-city-afford-a-millionaire-tax:0
[   83827ms] [ERROR] Failed to load resource: net::ERR_CONNECTION_TIMED_OUT @ https://icu.newsroom.bi/ingest.php:0
[   86836ms] [WARNING] The resource https://vanilla.futurecdn.net/kiplinger/news.Bn6mm-hD.es6.js was preloaded using link preload but not used within a few seconds from the window's load event. Please make sure it has an appropriate `as` value and it is preloaded intentionally. @ https://www.kiplinger.com/taxes/the-mamdani-effect-in-new-york-can-the-city-afford-a-millionaire-tax:0
[   92812ms] [WARNING] The resource https://vanilla.futurecdn.net/kiplinger/news.Bn6mm-hD.es6.js was preloaded using link preload but not used within a few seconds from the window's load event. Please make sure it has an appropriate `as` value and it is preloaded intentionally. @ https://www.kiplinger.com/taxes/the-mamdani-effect-in-new-york-can-the-city-afford-a-millionaire-tax:0
[   98073ms] [ERROR] Failed to load resource: net::ERR_CONNECTION_TIMED_OUT @ https://icu.newsroom.bi/ingest.php:0
[  101044ms] [LOG] CORS request has timed-out, 30s exceeded. @ https://bordeaux.futurecdn.net/bordeaux.js:53
[  104049ms] [WARNING] The resource https://vanilla.futurecdn.net/kiplinger/news.Bn6mm-hD.es6.js was preloaded using link preload but not used within a few seconds from the window's load event. Please make sure it has an appropriate `as` value and it is preloaded intentionally. @ https://www.kiplinger.com/taxes/the-mamdani-effect-in-new-york-can-the-city-afford-a-millionaire-tax:0
[  110365ms] [WARNING] The resource https://vanilla.futurecdn.net/kiplinger/news.Bn6mm-hD.es6.js was preloaded using link preload but not used within a few seconds from the window's load event. Please make sure it has an appropriate `as` value and it is preloaded intentionally. @ https://www.kiplinger.com/taxes/the-mamdani-effect-in-new-york-can-the-city-afford-a-millionaire-tax:0
[  125552ms] [WARNING] The resource https://vanilla.futurecdn.net/kiplinger/news.Bn6mm-hD.es6.js was preloaded using link preload but not used within a few seconds from the window's load event. Please make sure it has an appropriate `as` value and it is preloaded intentionally. @ https://www.kiplinger.com/taxes/the-mamdani-effect-in-new-york-can-the-city-afford-a-millionaire-tax:0
[  144471ms] [WARNING] The resource https://vanilla.futurecdn.net/kiplinger/news.Bn6mm-hD.es6.js was preloaded using link preload but not used within a few seconds from the window's load event. Please make sure it has an appropriate `as` value and it is preloaded intentionally. @ https://www.kiplinger.com/taxes/the-mamdani-effect-in-new-york-can-the-city-afford-a-millionaire-tax:0
[  155202ms] [WARNING] The resource https://vanilla.futurecdn.net/kiplinger/news.Bn6mm-hD.es6.js was preloaded using link preload but not used within a few seconds from the window's load event. Please make sure it has an appropriate `as` value and it is preloaded intentionally. @ https://www.kiplinger.com/taxes/the-mamdani-effect-in-new-york-can-the-city-afford-a-millionaire-tax:0
[  170192ms] [WARNING] The resource https://vanilla.futurecdn.net/kiplinger/news.Bn6mm-hD.es6.js was preloaded using link preload but not used within a few seconds from the window's load event. Please make sure it has an appropriate `as` value and it is preloaded intentionally. @ https://www.kiplinger.com/taxes/the-mamdani-effect-in-new-york-can-the-city-afford-a-millionaire-tax:0
[  185217ms] [WARNING] The resource https://vanilla.futurecdn.net/kiplinger/news.Bn6mm-hD.es6.js was preloaded using link preload but not used within a few seconds from the window's load event. Please make sure it has an appropriate `as` value and it is preloaded intentionally. @ https://www.kiplinger.com/taxes/the-mamdani-effect-in-new-york-can-the-city-afford-a-millionaire-tax:0
[  200214ms] [WARNING] The resource https://vanilla.futurecdn.net/kiplinger/news.Bn6mm-hD.es6.js was preloaded using link preload but not used within a few seconds from the window's load event. Please make sure it has an appropriate `as` value and it is preloaded intentionally. @ https://www.kiplinger.com/taxes/the-mamdani-effect-in-new-york-can-the-city-afford-a-millionaire-tax:0
[  215217ms] [WARNING] The resource https://vanilla.futurecdn.net/kiplinger/news.Bn6mm-hD.es6.js was preloaded using link preload but not used within a few seconds from the window's load event. Please make sure it has an appropriate `as` value and it is preloaded intentionally. @ https://www.kiplinger.com/taxes/the-mamdani-effect-in-new-york-can-the-city-afford-a-millionaire-tax:0
[  230226ms] [WARNING] The resource https://vanilla.futurecdn.net/kiplinger/news.Bn6mm-hD.es6.js was preloaded using link preload but not used within a few seconds from the window's load event. Please make sure it has an appropriate `as` value and it is preloaded intentionally. @ https://www.kiplinger.com/taxes/the-mamdani-effect-in-new-york-can-the-city-afford-a-millionaire-tax:0
[  245240ms] [WARNING] The resource https://vanilla.futurecdn.net/kiplinger/news.Bn6mm-hD.es6.js was preloaded using link preload but not used within a few seconds from the window's load event. Please make sure it has an appropriate `as` value and it is preloaded intentionally. @ https://www.kiplinger.com/taxes/the-mamdani-effect-in-new-york-can-the-city-afford-a-millionaire-tax:0
[  264480ms] [WARNING] The resource https://vanilla.futurecdn.net/kiplinger/news.Bn6mm-hD.es6.js was preloaded using link preload but not used within a few seconds from the window's load event. Please make sure it has an appropriate `as` value and it is preloaded intentionally. @ https://www.kiplinger.com/taxes/the-mamdani-effect-in-new-york-can-the-city-afford-a-millionaire-tax:0
[  275256ms] [WARNING] The resource https://vanilla.futurecdn.net/kiplinger/news.Bn6mm-hD.es6.js was preloaded using link preload but not used within a few seconds from the window's load event. Please make sure it has an appropriate `as` value and it is preloaded intentionally. @ https://www.kiplinger.com/taxes/the-mamdani-effect-in-new-york-can-the-city-afford-a-millionaire-tax:0
[  295280ms] [WARNING] The resource https://vanilla.futurecdn.net/kiplinger/news.Bn6mm-hD.es6.js was preloaded using link preload but not used within a few seconds from the window's load event. Please make sure it has an appropriate `as` value and it is preloaded intentionally. @ https://www.kiplinger.com/taxes/the-mamdani-effect-in-new-york-can-the-city-afford-a-millionaire-tax:0
[  315278ms] [WARNING] The resource https://vanilla.futurecdn.net/kiplinger/news.Bn6mm-hD.es6.js was preloaded using link preload but not used within a few seconds from the window's load event. Please make sure it has an appropriate `as` value and it is preloaded intentionally. @ https://www.kiplinger.com/taxes/the-mamdani-effect-in-new-york-can-the-city-afford-a-millionaire-tax:0
[  335297ms] [WARNING] The resource https://vanilla.futurecdn.net/kiplinger/news.Bn6mm-hD.es6.js was preloaded using link preload but not used within a few seconds from the window's load event. Please make sure it has an appropriate `as` value and it is preloaded intentionally. @ https://www.kiplinger.com/taxes/the-mamdani-effect-in-new-york-can-the-city-afford-a-millionaire-tax:0
[  355305ms] [WARNING] The resource https://vanilla.futurecdn.net/kiplinger/news.Bn6mm-hD.es6.js was preloaded using link preload but not used within a few seconds from the window's load event. Please make sure it has an appropriate `as` value and it is preloaded intentionally. @ https://www.kiplinger.com/taxes/the-mamdani-effect-in-new-york-can-the-city-afford-a-millionaire-tax:0
[  375336ms] [WARNING] The resource https://vanilla.futurecdn.net/kiplinger/news.Bn6mm-hD.es6.js was preloaded using link preload but not used within a few seconds from the window's load event. Please make sure it has an appropriate `as` value and it is preloaded intentionally. @ https://www.kiplinger.com/taxes/the-mamdani-effect-in-new-york-can-the-city-afford-a-millionaire-tax:0
[  395337ms] [WARNING] The resource https://vanilla.futurecdn.net/kiplinger/news.Bn6mm-hD.es6.js was preloaded using link preload but not used within a few seconds from the window's load event. Please make sure it has an appropriate `as` value and it is preloaded intentionally. @ https://www.kiplinger.com/taxes/the-mamdani-effect-in-new-york-can-the-city-afford-a-millionaire-tax:0
[  415338ms] [WARNING] The resource https://vanilla.futurecdn.net/kiplinger/news.Bn6mm-hD.es6.js was preloaded using link preload but not used within a few seconds from the window's load event. Please make sure it has an appropriate `as` value and it is preloaded intentionally. @ https://www.kiplinger.com/taxes/the-mamdani-effect-in-new-york-can-the-city-afford-a-millionaire-tax:0
[  435360ms] [WARNING] The resource https://vanilla.futurecdn.net/kiplinger/news.Bn6mm-hD.es6.js was preloaded using link preload but not used within a few seconds from the window's load event. Please make sure it has an appropriate `as` value and it is preloaded intentionally. @ https://www.kiplinger.com/taxes/the-mamdani-effect-in-new-york-can-the-city-afford-a-millionaire-tax:0
[  455369ms] [WARNING] The resource https://vanilla.futurecdn.net/kiplinger/news.Bn6mm-hD.es6.js was preloaded using link preload but not used within a few seconds from the window's load event. Please make sure it has an appropriate `as` value and it is preloaded intentionally. @ https://www.kiplinger.com/taxes/the-mamdani-effect-in-new-york-can-the-city-afford-a-millionaire-tax:0
[  475390ms] [WARNING] The resource https://vanilla.futurecdn.net/kiplinger/news.Bn6mm-hD.es6.js was preloaded using link preload but not used within a few seconds from the window's load event. Please make sure it has an appropriate `as` value and it is preloaded intentionally. @ https://www.kiplinger.com/taxes/the-mamdani-effect-in-new-york-can-the-city-afford-a-millionaire-tax:0
[  495392ms] [WARNING] The resource https://vanilla.futurecdn.net/kiplinger/news.Bn6mm-hD.es6.js was preloaded using link preload but not used within a few seconds from the window's load event. Please make sure it has an appropriate `as` value and it is preloaded intentionally. @ https://www.kiplinger.com/taxes/the-mamdani-effect-in-new-york-can-the-city-afford-a-millionaire-tax:0
[  515399ms] [WARNING] The resource https://vanilla.futurecdn.net/kiplinger/news.Bn6mm-hD.es6.js was preloaded using link preload but not used within a few seconds from the window's load event. Please make sure it has an appropriate `as` value and it is preloaded intentionally. @ https://www.kiplinger.com/taxes/the-mamdani-effect-in-new-york-can-the-city-afford-a-millionaire-tax:0
[  535415ms] [WARNING] The resource https://vanilla.futurecdn.net/kiplinger/news.Bn6mm-hD.es6.js was preloaded using link preload but not used within a few seconds from the window's load event. Please make sure it has an appropriate `as` value and it is preloaded intentionally. @ https://www.kiplinger.com/taxes/the-mamdani-effect-in-new-york-can-the-city-afford-a-millionaire-tax:0
[  540253ms] [WARNING] The resource https://vanilla.futurecdn.net/kiplinger/news.Bn6mm-hD.es6.js was preloaded using link preload but not used within a few seconds from the window's load event. Please make sure it has an appropriate `as` value and it is preloaded intentionally. @ https://www.kiplinger.com/taxes/the-mamdani-effect-in-new-york-can-the-city-afford-a-millionaire-tax:0
[  555437ms] [WARNING] The resource https://vanilla.futurecdn.net/kiplinger/news.Bn6mm-hD.es6.js was preloaded using link preload but not used within a few seconds from the window's load event. Please make sure it has an appropriate `as` value and it is preloaded intentionally. @ https://www.kiplinger.com/taxes/the-mamdani-effect-in-new-york-can-the-city-afford-a-millionaire-tax:0
[  575439ms] [WARNING] The resource https://vanilla.futurecdn.net/kiplinger/news.Bn6mm-hD.es6.js was preloaded using link preload but not used within a few seconds from the window's load event. Please make sure it has an appropriate `as` value and it is preloaded intentionally. @ https://www.kiplinger.com/taxes/the-mamdani-effect-in-new-york-can-the-city-afford-a-millionaire-tax:0
[  595437ms] [WARNING] The resource https://vanilla.futurecdn.net/kiplinger/news.Bn6mm-hD.es6.js was preloaded using link preload but not used within a few seconds from the window's load event. Please make sure it has an appropriate `as` value and it is preloaded intentionally. @ https://www.kiplinger.com/taxes/the-mamdani-effect-in-new-york-can-the-city-afford-a-millionaire-tax:0
[  615452ms] [WARNING] The resource https://vanilla.futurecdn.net/kiplinger/news.Bn6mm-hD.es6.js was preloaded using link preload but not used within a few seconds from the window's load event. Please make sure it has an appropriate `as` value and it is preloaded intentionally. @ https://www.kiplinger.com/taxes/the-mamdani-effect-in-new-york-can-the-city-afford-a-millionaire-tax:0
[  635461ms] [WARNING] The resource https://vanilla.futurecdn.net/kiplinger/news.Bn6mm-hD.es6.js was preloaded using link preload but not used within a few seconds from the window's load event. Please make sure it has an appropriate `as` value and it is preloaded intentionally. @ https://www.kiplinger.com/taxes/the-mamdani-effect-in-new-york-can-the-city-afford-a-millionaire-tax:0
[  655482ms] [WARNING] The resource https://vanilla.futurecdn.net/kiplinger/news.Bn6mm-hD.es6.js was preloaded using link preload but not used within a few seconds from the window's load event. Please make sure it has an appropriate `as` value and it is preloaded intentionally. @ https://www.kiplinger.com/taxes/the-mamdani-effect-in-new-york-can-the-city-afford-a-millionaire-tax:0
[  675487ms] [WARNING] The resource https://vanilla.futurecdn.net/kiplinger/news.Bn6mm-hD.es6.js was preloaded using link preload but not used within a few seconds from the window's load event. Please make sure it has an appropriate `as` value and it is preloaded intentionally. @ https://www.kiplinger.com/taxes/the-mamdani-effect-in-new-york-can-the-city-afford-a-millionaire-tax:0
[  679333ms] [WARNING] The resource https://vanilla.futurecdn.net/kiplinger/news.Bn6mm-hD.es6.js was preloaded using link preload but not used within a few seconds from the window's load event. Please make sure it has an appropriate `as` value and it is preloaded intentionally. @ https://www.kiplinger.com/taxes/the-mamdani-effect-in-new-york-can-the-city-afford-a-millionaire-tax:0
[  695485ms] [WARNING] The resource https://vanilla.futurecdn.net/kiplinger/news.Bn6mm-hD.es6.js was preloaded using link preload but not used within a few seconds from the window's load event. Please make sure it has an appropriate `as` value and it is preloaded intentionally. @ https://www.kiplinger.com/taxes/the-mamdani-effect-in-new-york-can-the-city-afford-a-millionaire-tax:0
[  715497ms] [WARNING] The resource https://vanilla.futurecdn.net/kiplinger/news.Bn6mm-hD.es6.js was preloaded using link preload but not used within a few seconds from the window's load event. Please make sure it has an appropriate `as` value and it is preloaded intentionally. @ https://www.kiplinger.com/taxes/the-mamdani-effect-in-new-york-can-the-city-afford-a-millionaire-tax:0
[  735498ms] [WARNING] The resource https://vanilla.futurecdn.net/kiplinger/news.Bn6mm-hD.es6.js was preloaded using link preload but not used within a few seconds from the window's load event. Please make sure it has an appropriate `as` value and it is preloaded intentionally. @ https://www.kiplinger.com/taxes/the-mamdani-effect-in-new-york-can-the-city-afford-a-millionaire-tax:0
[  755516ms] [WARNING] The resource https://vanilla.futurecdn.net/kiplinger/news.Bn6mm-hD.es6.js was preloaded using link preload but not used within a few seconds from the window's load event. Please make sure it has an appropriate `as` value and it is preloaded intentionally. @ https://www.kiplinger.com/taxes/the-mamdani-effect-in-new-york-can-the-city-afford-a-millionaire-tax:0
[  775528ms] [WARNING] The resource https://vanilla.futurecdn.net/kiplinger/news.Bn6mm-hD.es6.js was preloaded using link preload but not used within a few seconds from the window's load event. Please make sure it has an appropriate `as` value and it is preloaded intentionally. @ https://www.kiplinger.com/taxes/the-mamdani-effect-in-new-york-can-the-city-afford-a-millionaire-tax:0
[  795554ms] [WARNING] The resource https://vanilla.futurecdn.net/kiplinger/news.Bn6mm-hD.es6.js was preloaded using link preload but not used within a few seconds from the window's load event. Please make sure it has an appropriate `as` value and it is preloaded intentionally. @ https://www.kiplinger.com/taxes/the-mamdani-effect-in-new-york-can-the-city-afford-a-millionaire-tax:0
[  815571ms] [WARNING] The resource https://vanilla.futurecdn.net/kiplinger/news.Bn6mm-hD.es6.js was preloaded using link preload but not used within a few seconds from the window's load event. Please make sure it has an appropriate `as` value and it is preloaded intentionally. @ https://www.kiplinger.com/taxes/the-mamdani-effect-in-new-york-can-the-city-afford-a-millionaire-tax:0
[  835579ms] [WARNING] The resource https://vanilla.futurecdn.net/kiplinger/news.Bn6mm-hD.es6.js was preloaded using link preload but not used within a few seconds from the window's load event. Please make sure it has an appropriate `as` value and it is preloaded intentionally. @ https://www.kiplinger.com/taxes/the-mamdani-effect-in-new-york-can-the-city-afford-a-millionaire-tax:0
[  855600ms] [WARNING] The resource https://vanilla.futurecdn.net/kiplinger/news.Bn6mm-hD.es6.js was preloaded using link preload but not used within a few seconds from the window's load event. Please make sure it has an appropriate `as` value and it is preloaded intentionally. @ https://www.kiplinger.com/taxes/the-mamdani-effect-in-new-york-can-the-city-afford-a-millionaire-tax:0
[  863810ms] [WARNING] The resource https://vanilla.futurecdn.net/kiplinger/news.Bn6mm-hD.es6.js was preloaded using link preload but not used within a few seconds from the window's load event. Please make sure it has an appropriate `as` value and it is preloaded intentionally. @ https://www.kiplinger.com/taxes/the-mamdani-effect-in-new-york-can-the-city-afford-a-millionaire-tax:0
[  875595ms] [WARNING] The resource https://vanilla.futurecdn.net/kiplinger/news.Bn6mm-hD.es6.js was preloaded using link preload but not used within a few seconds from the window's load event. Please make sure it has an appropriate `as` value and it is preloaded intentionally. @ https://www.kiplinger.com/taxes/the-mamdani-effect-in-new-york-can-the-city-afford-a-millionaire-tax:0
[  895611ms] [WARNING] The resource https://vanilla.futurecdn.net/kiplinger/news.Bn6mm-hD.es6.js was preloaded using link preload but not used within a few seconds from the window's load event. Please make sure it has an appropriate `as` value and it is preloaded intentionally. @ https://www.kiplinger.com/taxes/the-mamdani-effect-in-new-york-can-the-city-afford-a-millionaire-tax:0
[  915619ms] [WARNING] The resource https://vanilla.futurecdn.net/kiplinger/news.Bn6mm-hD.es6.js was preloaded using link preload but not used within a few seconds from the window's load event. Please make sure it has an appropriate `as` value and it is preloaded intentionally. @ https://www.kiplinger.com/taxes/the-mamdani-effect-in-new-york-can-the-city-afford-a-millionaire-tax:0
[  935648ms] [WARNING] The resource https://vanilla.futurecdn.net/kiplinger/news.Bn6mm-hD.es6.js was preloaded using link preload but not used within a few seconds from the window's load event. Please make sure it has an appropriate `as` value and it is preloaded intentionally. @ https://www.kiplinger.com/taxes/the-mamdani-effect-in-new-york-can-the-city-afford-a-millionaire-tax:0
[  955658ms] [WARNING] The resource https://vanilla.futurecdn.net/kiplinger/news.Bn6mm-hD.es6.js was preloaded using link preload but not used within a few seconds from the window's load event. Please make sure it has an appropriate `as` value and it is preloaded intentionally. @ https://www.kiplinger.com/taxes/the-mamdani-effect-in-new-york-can-the-city-afford-a-millionaire-tax:0
[  975671ms] [WARNING] The resource https://vanilla.futurecdn.net/kiplinger/news.Bn6mm-hD.es6.js was preloaded using link preload but not used within a few seconds from the window's load event. Please make sure it has an appropriate `as` value and it is preloaded intentionally. @ https://www.kiplinger.com/taxes/the-mamdani-effect-in-new-york-can-the-city-afford-a-millionaire-tax:0
[  995678ms] [WARNING] The resource https://vanilla.futurecdn.net/kiplinger/news.Bn6mm-hD.es6.js was preloaded using link preload but not used within a few seconds from the window's load event. Please make sure it has an appropriate `as` value and it is preloaded intentionally. @ https://www.kiplinger.com/taxes/the-mamdani-effect-in-new-york-can-the-city-afford-a-millionaire-tax:0
[ 1015685ms] [WARNING] The resource https://vanilla.futurecdn.net/kiplinger/news.Bn6mm-hD.es6.js was preloaded using link preload but not used within a few seconds from the window's load event. Please make sure it has an appropriate `as` value and it is preloaded intentionally. @ https://www.kiplinger.com/taxes/the-mamdani-effect-in-new-york-can-the-city-afford-a-millionaire-tax:0
[ 1035714ms] [WARNING] The resource https://vanilla.futurecdn.net/kiplinger/news.Bn6mm-hD.es6.js was preloaded using link preload but not used within a few seconds from the window's load event. Please make sure it has an appropriate `as` value and it is preloaded intentionally. @ https://www.kiplinger.com/taxes/the-mamdani-effect-in-new-york-can-the-city-afford-a-millionaire-tax:0
[ 1055715ms] [WARNING] The resource https://vanilla.futurecdn.net/kiplinger/news.Bn6mm-hD.es6.js was preloaded using link preload but not used within a few seconds from the window's load event. Please make sure it has an appropriate `as` value and it is preloaded intentionally. @ https://www.kiplinger.com/taxes/the-mamdani-effect-in-new-york-can-the-city-afford-a-millionaire-tax:0
[ 1075720ms] [WARNING] The resource https://vanilla.futurecdn.net/kiplinger/news.Bn6mm-hD.es6.js was preloaded using link preload but not used within a few seconds from the window's load event. Please make sure it has an appropriate `as` value and it is preloaded intentionally. @ https://www.kiplinger.com/taxes/the-mamdani-effect-in-new-york-can-the-city-afford-a-millionaire-tax:0
[ 1095723ms] [WARNING] The resource https://vanilla.futurecdn.net/kiplinger/news.Bn6mm-hD.es6.js was preloaded using link preload but not used within a few seconds from the window's load event. Please make sure it has an appropriate `as` value and it is preloaded intentionally. @ https://www.kiplinger.com/taxes/the-mamdani-effect-in-new-york-can-the-city-afford-a-millionaire-tax:0
[ 1115741ms] [WARNING] The resource https://vanilla.futurecdn.net/kiplinger/news.Bn6mm-hD.es6.js was preloaded using link preload but not used within a few seconds from the window's load event. Please make sure it has an appropriate `as` value and it is preloaded intentionally. @ https://www.kiplinger.com/taxes/the-mamdani-effect-in-new-york-can-the-city-afford-a-millionaire-tax:0
[ 1135765ms] [WARNING] The resource https://vanilla.futurecdn.net/kiplinger/news.Bn6mm-hD.es6.js was preloaded using link preload but not used within a few seconds from the window's load event. Please make sure it has an appropriate `as` value and it is preloaded intentionally. @ https://www.kiplinger.com/taxes/the-mamdani-effect-in-new-york-can-the-city-afford-a-millionaire-tax:0
[ 1155763ms] [WARNING] The resource https://vanilla.futurecdn.net/kiplinger/news.Bn6mm-hD.es6.js was preloaded using link preload but not used within a few seconds from the window's load event. Please make sure it has an appropriate `as` value and it is preloaded intentionally. @ https://www.kiplinger.com/taxes/the-mamdani-effect-in-new-york-can-the-city-afford-a-millionaire-tax:0
[ 1175773ms] [WARNING] The resource https://vanilla.futurecdn.net/kiplinger/news.Bn6mm-hD.es6.js was preloaded using link preload but not used within a few seconds from the window's load event. Please make sure it has an appropriate `as` value and it is preloaded intentionally. @ https://www.kiplinger.com/taxes/the-mamdani-effect-in-new-york-can-the-city-afford-a-millionaire-tax:0
[ 1195787ms] [WARNING] The resource https://vanilla.futurecdn.net/kiplinger/news.Bn6mm-hD.es6.js was preloaded using link preload but not used within a few seconds from the window's load event. Please make sure it has an appropriate `as` value and it is preloaded intentionally. @ https://www.kiplinger.com/taxes/the-mamdani-effect-in-new-york-can-the-city-afford-a-millionaire-tax:0
[ 1215791ms] [WARNING] The resource https://vanilla.futurecdn.net/kiplinger/news.Bn6mm-hD.es6.js was preloaded using link preload but not used within a few seconds from the window's load event. Please make sure it has an appropriate `as` value and it is preloaded intentionally. @ https://www.kiplinger.com/taxes/the-mamdani-effect-in-new-york-can-the-city-afford-a-millionaire-tax:0
[ 1226297ms] [WARNING] The resource https://vanilla.futurecdn.net/kiplinger/news.Bn6mm-hD.es6.js was preloaded using link preload but not used within a few seconds from the window's load event. Please make sure it has an appropriate `as` value and it is preloaded intentionally. @ https://www.kiplinger.com/taxes/the-mamdani-effect-in-new-york-can-the-city-afford-a-millionaire-tax:0
[ 1235799ms] [WARNING] The resource https://vanilla.futurecdn.net/kiplinger/news.Bn6mm-hD.es6.js was preloaded using link preload but not used within a few seconds from the window's load event. Please make sure it has an appropriate `as` value and it is preloaded intentionally. @ https://www.kiplinger.com/taxes/the-mamdani-effect-in-new-york-can-the-city-afford-a-millionaire-tax:0
[ 1255810ms] [WARNING] The resource https://vanilla.futurecdn.net/kiplinger/news.Bn6mm-hD.es6.js was preloaded using link preload but not used within a few seconds from the window's load event. Please make sure it has an appropriate `as` value and it is preloaded intentionally. @ https://www.kiplinger.com/taxes/the-mamdani-effect-in-new-york-can-the-city-afford-a-millionaire-tax:0
[ 1275831ms] [WARNING] The resource https://vanilla.futurecdn.net/kiplinger/news.Bn6mm-hD.es6.js was preloaded using link preload but not used within a few seconds from the window's load event. Please make sure it has an appropriate `as` value and it is preloaded intentionally. @ https://www.kiplinger.com/taxes/the-mamdani-effect-in-new-york-can-the-city-afford-a-millionaire-tax:0
[ 1295846ms] [WARNING] The resource https://vanilla.futurecdn.net/kiplinger/news.Bn6mm-hD.es6.js was preloaded using link preload but not used within a few seconds from the window's load event. Please make sure it has an appropriate `as` value and it is preloaded intentionally. @ https://www.kiplinger.com/taxes/the-mamdani-effect-in-new-york-can-the-city-afford-a-millionaire-tax:0
[ 1315840ms] [WARNING] The resource https://vanilla.futurecdn.net/kiplinger/news.Bn6mm-hD.es6.js was preloaded using link preload but not used within a few seconds from the window's load event. Please make sure it has an appropriate `as` value and it is preloaded intentionally. @ https://www.kiplinger.com/taxes/the-mamdani-effect-in-new-york-can-the-city-afford-a-millionaire-tax:0
[ 1335860ms] [WARNING] The resource https://vanilla.futurecdn.net/kiplinger/news.Bn6mm-hD.es6.js was preloaded using link preload but not used within a few seconds from the window's load event. Please make sure it has an appropriate `as` value and it is preloaded intentionally. @ https://www.kiplinger.com/taxes/the-mamdani-effect-in-new-york-can-the-city-afford-a-millionaire-tax:0
[ 1355872ms] [WARNING] The resource https://vanilla.futurecdn.net/kiplinger/news.Bn6mm-hD.es6.js was preloaded using link preload but not used within a few seconds from the window's load event. Please make sure it has an appropriate `as` value and it is preloaded intentionally. @ https://www.kiplinger.com/taxes/the-mamdani-effect-in-new-york-can-the-city-afford-a-millionaire-tax:0
[ 1375881ms] [WARNING] The resource https://vanilla.futurecdn.net/kiplinger/news.Bn6mm-hD.es6.js was preloaded using link preload but not used within a few seconds from the window's load event. Please make sure it has an appropriate `as` value and it is preloaded intentionally. @ https://www.kiplinger.com/taxes/the-mamdani-effect-in-new-york-can-the-city-afford-a-millionaire-tax:0
[ 1395895ms] [WARNING] The resource https://vanilla.futurecdn.net/kiplinger/news.Bn6mm-hD.es6.js was preloaded using link preload but not used within a few seconds from the window's load event. Please make sure it has an appropriate `as` value and it is preloaded intentionally. @ https://www.kiplinger.com/taxes/the-mamdani-effect-in-new-york-can-the-city-afford-a-millionaire-tax:0
[ 1415889ms] [WARNING] The resource https://vanilla.futurecdn.net/kiplinger/news.Bn6mm-hD.es6.js was preloaded using link preload but not used within a few seconds from the window's load event. Please make sure it has an appropriate `as` value and it is preloaded intentionally. @ https://www.kiplinger.com/taxes/the-mamdani-effect-in-new-york-can-the-city-afford-a-millionaire-tax:0
[ 1429191ms] [WARNING] The resource https://vanilla.futurecdn.net/kiplinger/news.Bn6mm-hD.es6.js was preloaded using link preload but not used within a few seconds from the window's load event. Please make sure it has an appropriate `as` value and it is preloaded intentionally. @ https://www.kiplinger.com/taxes/the-mamdani-effect-in-new-york-can-the-city-afford-a-millionaire-tax:0
[ 1435909ms] [WARNING] The resource https://vanilla.futurecdn.net/kiplinger/news.Bn6mm-hD.es6.js was preloaded using link preload but not used within a few seconds from the window's load event. Please make sure it has an appropriate `as` value and it is preloaded intentionally. @ https://www.kiplinger.com/taxes/the-mamdani-effect-in-new-york-can-the-city-afford-a-millionaire-tax:0
[ 1447337ms] [WARNING] The resource https://vanilla.futurecdn.net/kiplinger/news.Bn6mm-hD.es6.js was preloaded using link preload but not used within a few seconds from the window's load event. Please make sure it has an appropriate `as` value and it is preloaded intentionally. @ https://www.kiplinger.com/taxes/the-mamdani-effect-in-new-york-can-the-city-afford-a-millionaire-tax:0
[ 1455917ms] [WARNING] The resource https://vanilla.futurecdn.net/kiplinger/news.Bn6mm-hD.es6.js was preloaded using link preload but not used within a few seconds from the window's load event. Please make sure it has an appropriate `as` value and it is preloaded intentionally. @ https://www.kiplinger.com/taxes/the-mamdani-effect-in-new-york-can-the-city-afford-a-millionaire-tax:0
[ 1475935ms] [WARNING] The resource https://vanilla.futurecdn.net/kiplinger/news.Bn6mm-hD.es6.js was preloaded using link preload but not used within a few seconds from the window's load event. Please make sure it has an appropriate `as` value and it is preloaded intentionally. @ https://www.kiplinger.com/taxes/the-mamdani-effect-in-new-york-can-the-city-afford-a-millionaire-tax:0
[ 1495939ms] [WARNING] The resource https://vanilla.futurecdn.net/kiplinger/news.Bn6mm-hD.es6.js was preloaded using link preload but not used within a few seconds from the window's load event. Please make sure it has an appropriate `as` value and it is preloaded intentionally. @ https://www.kiplinger.com/taxes/the-mamdani-effect-in-new-york-can-the-city-afford-a-millionaire-tax:0
[ 1515943ms] [WARNING] The resource https://vanilla.futurecdn.net/kiplinger/news.Bn6mm-hD.es6.js was preloaded using link preload but not used within a few seconds from the window's load event. Please make sure it has an appropriate `as` value and it is preloaded intentionally. @ https://www.kiplinger.com/taxes/the-mamdani-effect-in-new-york-can-the-city-afford-a-millionaire-tax:0
[ 1535982ms] [WARNING] The resource https://vanilla.futurecdn.net/kiplinger/news.Bn6mm-hD.es6.js was preloaded using link preload but not used within a few seconds from the window's load event. Please make sure it has an appropriate `as` value and it is preloaded intentionally. @ https://www.kiplinger.com/taxes/the-mamdani-effect-in-new-york-can-the-city-afford-a-millionaire-tax:0
[ 1555964ms] [WARNING] The resource https://vanilla.futurecdn.net/kiplinger/news.Bn6mm-hD.es6.js was preloaded using link preload but not used within a few seconds from the window's load event. Please make sure it has an appropriate `as` value and it is preloaded intentionally. @ https://www.kiplinger.com/taxes/the-mamdani-effect-in-new-york-can-the-city-afford-a-millionaire-tax:0
[ 1575991ms] [WARNING] The resource https://vanilla.futurecdn.net/kiplinger/news.Bn6mm-hD.es6.js was preloaded using link preload but not used within a few seconds from the window's load event. Please make sure it has an appropriate `as` value and it is preloaded intentionally. @ https://www.kiplinger.com/taxes/the-mamdani-effect-in-new-york-can-the-city-afford-a-millionaire-tax:0
[ 1596005ms] [WARNING] The resource https://vanilla.futurecdn.net/kiplinger/news.Bn6mm-hD.es6.js was preloaded using link preload but not used within a few seconds from the window's load event. Please make sure it has an appropriate `as` value and it is preloaded intentionally. @ https://www.kiplinger.com/taxes/the-mamdani-effect-in-new-york-can-the-city-afford-a-millionaire-tax:0
[ 1616000ms] [WARNING] The resource https://vanilla.futurecdn.net/kiplinger/news.Bn6mm-hD.es6.js was preloaded using link preload but not used within a few seconds from the window's load event. Please make sure it has an appropriate `as` value and it is preloaded intentionally. @ https://www.kiplinger.com/taxes/the-mamdani-effect-in-new-york-can-the-city-afford-a-millionaire-tax:0
[ 1636026ms] [WARNING] The resource https://vanilla.futurecdn.net/kiplinger/news.Bn6mm-hD.es6.js was preloaded using link preload but not used within a few seconds from the window's load event. Please make sure it has an appropriate `as` value and it is preloaded intentionally. @ https://www.kiplinger.com/taxes/the-mamdani-effect-in-new-york-can-the-city-afford-a-millionaire-tax:0
[ 1656028ms] [WARNING] The resource https://vanilla.futurecdn.net/kiplinger/news.Bn6mm-hD.es6.js was preloaded using link preload but not used within a few seconds from the window's load event. Please make sure it has an appropriate `as` value and it is preloaded intentionally. @ https://www.kiplinger.com/taxes/the-mamdani-effect-in-new-york-can-the-city-afford-a-millionaire-tax:0
[ 1676036ms] [WARNING] The resource https://vanilla.futurecdn.net/kiplinger/news.Bn6mm-hD.es6.js was preloaded using link preload but not used within a few seconds from the window's load event. Please make sure it has an appropriate `as` value and it is preloaded intentionally. @ https://www.kiplinger.com/taxes/the-mamdani-effect-in-new-york-can-the-city-afford-a-millionaire-tax:0
[ 1696048ms] [WARNING] The resource https://vanilla.futurecdn.net/kiplinger/news.Bn6mm-hD.es6.js was preloaded using link preload but not used within a few seconds from the window's load event. Please make sure it has an appropriate `as` value and it is preloaded intentionally. @ https://www.kiplinger.com/taxes/the-mamdani-effect-in-new-york-can-the-city-afford-a-millionaire-tax:0
[ 1716053ms] [WARNING] The resource https://vanilla.futurecdn.net/kiplinger/news.Bn6mm-hD.es6.js was preloaded using link preload but not used within a few seconds from the window's load event. Please make sure it has an appropriate `as` value and it is preloaded intentionally. @ https://www.kiplinger.com/taxes/the-mamdani-effect-in-new-york-can-the-city-afford-a-millionaire-tax:0
[ 1736060ms] [WARNING] The resource https://vanilla.futurecdn.net/kiplinger/news.Bn6mm-hD.es6.js was preloaded using link preload but not used within a few seconds from the window's load event. Please make sure it has an appropriate `as` value and it is preloaded intentionally. @ https://www.kiplinger.com/taxes/the-mamdani-effect-in-new-york-can-the-city-afford-a-millionaire-tax:0
[ 1756084ms] [WARNING] The resource https://vanilla.futurecdn.net/kiplinger/news.Bn6mm-hD.es6.js was preloaded using link preload but not used within a few seconds from the window's load event. Please make sure it has an appropriate `as` value and it is preloaded intentionally. @ https://www.kiplinger.com/taxes/the-mamdani-effect-in-new-york-can-the-city-afford-a-millionaire-tax:0
[ 1776093ms] [WARNING] The resource https://vanilla.futurecdn.net/kiplinger/news.Bn6mm-hD.es6.js was preloaded using link preload but not used within a few seconds from the window's load event. Please make sure it has an appropriate `as` value and it is preloaded intentionally. @ https://www.kiplinger.com/taxes/the-mamdani-effect-in-new-york-can-the-city-afford-a-millionaire-tax:0
[ 1796098ms] [WARNING] The resource https://vanilla.futurecdn.net/kiplinger/news.Bn6mm-hD.es6.js was preloaded using link preload but not used within a few seconds from the window's load event. Please make sure it has an appropriate `as` value and it is preloaded intentionally. @ https://www.kiplinger.com/taxes/the-mamdani-effect-in-new-york-can-the-city-afford-a-millionaire-tax:0
[ 1816112ms] [WARNING] The resource https://vanilla.futurecdn.net/kiplinger/news.Bn6mm-hD.es6.js was preloaded using link preload but not used within a few seconds from the window's load event. Please make sure it has an appropriate `as` value and it is preloaded intentionally. @ https://www.kiplinger.com/taxes/the-mamdani-effect-in-new-york-can-the-city-afford-a-millionaire-tax:0
[ 1836116ms] [WARNING] The resource https://vanilla.futurecdn.net/kiplinger/news.Bn6mm-hD.es6.js was preloaded using link preload but not used within a few seconds from the window's load event. Please make sure it has an appropriate `as` value and it is preloaded intentionally. @ https://www.kiplinger.com/taxes/the-mamdani-effect-in-new-york-can-the-city-afford-a-millionaire-tax:0
[ 1856122ms] [WARNING] The resource https://vanilla.futurecdn.net/kiplinger/news.Bn6mm-hD.es6.js was preloaded using link preload but not used within a few seconds from the window's load event. Please make sure it has an appropriate `as` value and it is preloaded intentionally. @ https://www.kiplinger.com/taxes/the-mamdani-effect-in-new-york-can-the-city-afford-a-millionaire-tax:0
[ 1876147ms] [WARNING] The resource https://vanilla.futurecdn.net/kiplinger/news.Bn6mm-hD.es6.js was preloaded using link preload but not used within a few seconds from the window's load event. Please make sure it has an appropriate `as` value and it is preloaded intentionally. @ https://www.kiplinger.com/taxes/the-mamdani-effect-in-new-york-can-the-city-afford-a-millionaire-tax:0
[ 1896175ms] [WARNING] The resource https://vanilla.futurecdn.net/kiplinger/news.Bn6mm-hD.es6.js was preloaded using link preload but not used within a few seconds from the window's load event. Please make sure it has an appropriate `as` value and it is preloaded intentionally. @ https://www.kiplinger.com/taxes/the-mamdani-effect-in-new-york-can-the-city-afford-a-millionaire-tax:0
[ 1916168ms] [WARNING] The resource https://vanilla.futurecdn.net/kiplinger/news.Bn6mm-hD.es6.js was preloaded using link preload but not used within a few seconds from the window's load event. Please make sure it has an appropriate `as` value and it is preloaded intentionally. @ https://www.kiplinger.com/taxes/the-mamdani-effect-in-new-york-can-the-city-afford-a-millionaire-tax:0
[ 1936193ms] [WARNING] The resource https://vanilla.futurecdn.net/kiplinger/news.Bn6mm-hD.es6.js was preloaded using link preload but not used within a few seconds from the window's load event. Please make sure it has an appropriate `as` value and it is preloaded intentionally. @ https://www.kiplinger.com/taxes/the-mamdani-effect-in-new-york-can-the-city-afford-a-millionaire-tax:0
[ 1956194ms] [WARNING] The resource https://vanilla.futurecdn.net/kiplinger/news.Bn6mm-hD.es6.js was preloaded using link preload but not used within a few seconds from the window's load event. Please make sure it has an appropriate `as` value and it is preloaded intentionally. @ https://www.kiplinger.com/taxes/the-mamdani-effect-in-new-york-can-the-city-afford-a-millionaire-tax:0
[ 1976203ms] [WARNING] The resource https://vanilla.futurecdn.net/kiplinger/news.Bn6mm-hD.es6.js was preloaded using link preload but not used within a few seconds from the window's load event. Please make sure it has an appropriate `as` value and it is preloaded intentionally. @ https://www.kiplinger.com/taxes/the-mamdani-effect-in-new-york-can-the-city-afford-a-millionaire-tax:0
[ 1996215ms] [WARNING] The resource https://vanilla.futurecdn.net/kiplinger/news.Bn6mm-hD.es6.js was preloaded using link preload but not used within a few seconds from the window's load event. Please make sure it has an appropriate `as` value and it is preloaded intentionally. @ https://www.kiplinger.com/taxes/the-mamdani-effect-in-new-york-can-the-city-afford-a-millionaire-tax:0
[ 2005372ms] [WARNING] The resource https://vanilla.futurecdn.net/kiplinger/news.Bn6mm-hD.es6.js was preloaded using link preload but not used within a few seconds from the window's load event. Please make sure it has an appropriate `as` value and it is preloaded intentionally. @ https://www.kiplinger.com/taxes/the-mamdani-effect-in-new-york-can-the-city-afford-a-millionaire-tax:0
[ 2009721ms] [WARNING] The resource https://vanilla.futurecdn.net/kiplinger/news.Bn6mm-hD.es6.js was preloaded using link preload but not used within a few seconds from the window's load event. Please make sure it has an appropriate `as` value and it is preloaded intentionally. @ https://www.kiplinger.com/taxes/the-mamdani-effect-in-new-york-can-the-city-afford-a-millionaire-tax:0
[ 2016214ms] [WARNING] The resource https://vanilla.futurecdn.net/kiplinger/news.Bn6mm-hD.es6.js was preloaded using link preload but not used within a few seconds from the window's load event. Please make sure it has an appropriate `as` value and it is preloaded intentionally. @ https://www.kiplinger.com/taxes/the-mamdani-effect-in-new-york-can-the-city-afford-a-millionaire-tax:0
[ 2036223ms] [WARNING] The resource https://vanilla.futurecdn.net/kiplinger/news.Bn6mm-hD.es6.js was preloaded using link preload but not used within a few seconds from the window's load event. Please make sure it has an appropriate `as` value and it is preloaded intentionally. @ https://www.kiplinger.com/taxes/the-mamdani-effect-in-new-york-can-the-city-afford-a-millionaire-tax:0
[ 2056223ms] [WARNING] The resource https://vanilla.futurecdn.net/kiplinger/news.Bn6mm-hD.es6.js was preloaded using link preload but not used within a few seconds from the window's load event. Please make sure it has an appropriate `as` value and it is preloaded intentionally. @ https://www.kiplinger.com/taxes/the-mamdani-effect-in-new-york-can-the-city-afford-a-millionaire-tax:0
[ 2076240ms] [WARNING] The resource https://vanilla.futurecdn.net/kiplinger/news.Bn6mm-hD.es6.js was preloaded using link preload but not used within a few seconds from the window's load event. Please make sure it has an appropriate `as` value and it is preloaded intentionally. @ https://www.kiplinger.com/taxes/the-mamdani-effect-in-new-york-can-the-city-afford-a-millionaire-tax:0
[ 2096253ms] [WARNING] The resource https://vanilla.futurecdn.net/kiplinger/news.Bn6mm-hD.es6.js was preloaded using link preload but not used within a few seconds from the window's load event. Please make sure it has an appropriate `as` value and it is preloaded intentionally. @ https://www.kiplinger.com/taxes/the-mamdani-effect-in-new-york-can-the-city-afford-a-millionaire-tax:0
[ 2116263ms] [WARNING] The resource https://vanilla.futurecdn.net/kiplinger/news.Bn6mm-hD.es6.js was preloaded using link preload but not used within a few seconds from the window's load event. Please make sure it has an appropriate `as` value and it is preloaded intentionally. @ https://www.kiplinger.com/taxes/the-mamdani-effect-in-new-york-can-the-city-afford-a-millionaire-tax:0
[ 2136273ms] [WARNING] The resource https://vanilla.futurecdn.net/kiplinger/news.Bn6mm-hD.es6.js was preloaded using link preload but not used within a few seconds from the window's load event. Please make sure it has an appropriate `as` value and it is preloaded intentionally. @ https://www.kiplinger.com/taxes/the-mamdani-effect-in-new-york-can-the-city-afford-a-millionaire-tax:0
[ 2156305ms] [WARNING] The resource https://vanilla.futurecdn.net/kiplinger/news.Bn6mm-hD.es6.js was preloaded using link preload but not used within a few seconds from the window's load event. Please make sure it has an appropriate `as` value and it is preloaded intentionally. @ https://www.kiplinger.com/taxes/the-mamdani-effect-in-new-york-can-the-city-afford-a-millionaire-tax:0
[ 2176299ms] [WARNING] The resource https://vanilla.futurecdn.net/kiplinger/news.Bn6mm-hD.es6.js was preloaded using link preload but not used within a few seconds from the window's load event. Please make sure it has an appropriate `as` value and it is preloaded intentionally. @ https://www.kiplinger.com/taxes/the-mamdani-effect-in-new-york-can-the-city-afford-a-millionaire-tax:0
[ 2197100ms] [WARNING] The resource https://vanilla.futurecdn.net/kiplinger/news.Bn6mm-hD.es6.js was preloaded using link preload but not used within a few seconds from the window's load event. Please make sure it has an appropriate `as` value and it is preloaded intentionally. @ https://www.kiplinger.com/taxes/the-mamdani-effect-in-new-york-can-the-city-afford-a-millionaire-tax:0
[ 2216343ms] [WARNING] The resource https://vanilla.futurecdn.net/kiplinger/news.Bn6mm-hD.es6.js was preloaded using link preload but not used within a few seconds from the window's load event. Please make sure it has an appropriate `as` value and it is preloaded intentionally. @ https://www.kiplinger.com/taxes/the-mamdani-effect-in-new-york-can-the-city-afford-a-millionaire-tax:0
[ 2236340ms] [WARNING] The resource https://vanilla.futurecdn.net/kiplinger/news.Bn6mm-hD.es6.js was preloaded using link preload but not used within a few seconds from the window's load event. Please make sure it has an appropriate `as` value and it is preloaded intentionally. @ https://www.kiplinger.com/taxes/the-mamdani-effect-in-new-york-can-the-city-afford-a-millionaire-tax:0
[ 2256352ms] [WARNING] The resource https://vanilla.futurecdn.net/kiplinger/news.Bn6mm-hD.es6.js was preloaded using link preload but not used within a few seconds from the window's load event. Please make sure it has an appropriate `as` value and it is preloaded intentionally. @ https://www.kiplinger.com/taxes/the-mamdani-effect-in-new-york-can-the-city-afford-a-millionaire-tax:0
[ 2276367ms] [WARNING] The resource https://vanilla.futurecdn.net/kiplinger/news.Bn6mm-hD.es6.js was preloaded using link preload but not used within a few seconds from the window's load event. Please make sure it has an appropriate `as` value and it is preloaded intentionally. @ https://www.kiplinger.com/taxes/the-mamdani-effect-in-new-york-can-the-city-afford-a-millionaire-tax:0
[ 2296368ms] [WARNING] The resource https://vanilla.futurecdn.net/kiplinger/news.Bn6mm-hD.es6.js was preloaded using link preload but not used within a few seconds from the window's load event. Please make sure it has an appropriate `as` value and it is preloaded intentionally. @ https://www.kiplinger.com/taxes/the-mamdani-effect-in-new-york-can-the-city-afford-a-millionaire-tax:0
[ 2316379ms] [WARNING] The resource https://vanilla.futurecdn.net/kiplinger/news.Bn6mm-hD.es6.js was preloaded using link preload but not used within a few seconds from the window's load event. Please make sure it has an appropriate `as` value and it is preloaded intentionally. @ https://www.kiplinger.com/taxes/the-mamdani-effect-in-new-york-can-the-city-afford-a-millionaire-tax:0
[ 2336394ms] [WARNING] The resource https://vanilla.futurecdn.net/kiplinger/news.Bn6mm-hD.es6.js was preloaded using link preload but not used within a few seconds from the window's load event. Please make sure it has an appropriate `as` value and it is preloaded intentionally. @ https://www.kiplinger.com/taxes/the-mamdani-effect-in-new-york-can-the-city-afford-a-millionaire-tax:0
[ 2356409ms] [WARNING] The resource https://vanilla.futurecdn.net/kiplinger/news.Bn6mm-hD.es6.js was preloaded using link preload but not used within a few seconds from the window's load event. Please make sure it has an appropriate `as` value and it is preloaded intentionally. @ https://www.kiplinger.com/taxes/the-mamdani-effect-in-new-york-can-the-city-afford-a-millionaire-tax:0
[ 2376434ms] [WARNING] The resource https://vanilla.futurecdn.net/kiplinger/news.Bn6mm-hD.es6.js was preloaded using link preload but not used within a few seconds from the window's load event. Please make sure it has an appropriate `as` value and it is preloaded intentionally. @ https://www.kiplinger.com/taxes/the-mamdani-effect-in-new-york-can-the-city-afford-a-millionaire-tax:0
[ 2396450ms] [WARNING] The resource https://vanilla.futurecdn.net/kiplinger/news.Bn6mm-hD.es6.js was preloaded using link preload but not used within a few seconds from the window's load event. Please make sure it has an appropriate `as` value and it is preloaded intentionally. @ https://www.kiplinger.com/taxes/the-mamdani-effect-in-new-york-can-the-city-afford-a-millionaire-tax:0
[ 2416452ms] [WARNING] The resource https://vanilla.futurecdn.net/kiplinger/news.Bn6mm-hD.es6.js was preloaded using link preload but not used within a few seconds from the window's load event. Please make sure it has an appropriate `as` value and it is preloaded intentionally. @ https://www.kiplinger.com/taxes/the-mamdani-effect-in-new-york-can-the-city-afford-a-millionaire-tax:0
[ 2436480ms] [WARNING] The resource https://vanilla.futurecdn.net/kiplinger/news.Bn6mm-hD.es6.js was preloaded using link preload but not used within a few seconds from the window's load event. Please make sure it has an appropriate `as` value and it is preloaded intentionally. @ https://www.kiplinger.com/taxes/the-mamdani-effect-in-new-york-can-the-city-afford-a-millionaire-tax:0
[ 2456482ms] [WARNING] The resource https://vanilla.futurecdn.net/kiplinger/news.Bn6mm-hD.es6.js was preloaded using link preload but not used within a few seconds from the window's load event. Please make sure it has an appropriate `as` value and it is preloaded intentionally. @ https://www.kiplinger.com/taxes/the-mamdani-effect-in-new-york-can-the-city-afford-a-millionaire-tax:0
[ 2476505ms] [WARNING] The resource https://vanilla.futurecdn.net/kiplinger/news.Bn6mm-hD.es6.js was preloaded using link preload but not used within a few seconds from the window's load event. Please make sure it has an appropriate `as` value and it is preloaded intentionally. @ https://www.kiplinger.com/taxes/the-mamdani-effect-in-new-york-can-the-city-afford-a-millionaire-tax:0
[ 2496502ms] [WARNING] The resource https://vanilla.futurecdn.net/kiplinger/news.Bn6mm-hD.es6.js was preloaded using link preload but not used within a few seconds from the window's load event. Please make sure it has an appropriate `as` value and it is preloaded intentionally. @ https://www.kiplinger.com/taxes/the-mamdani-effect-in-new-york-can-the-city-afford-a-millionaire-tax:0
[ 2516516ms] [WARNING] The resource https://vanilla.futurecdn.net/kiplinger/news.Bn6mm-hD.es6.js was preloaded using link preload but not used within a few seconds from the window's load event. Please make sure it has an appropriate `as` value and it is preloaded intentionally. @ https://www.kiplinger.com/taxes/the-mamdani-effect-in-new-york-can-the-city-afford-a-millionaire-tax:0
[ 2536532ms] [WARNING] The resource https://vanilla.futurecdn.net/kiplinger/news.Bn6mm-hD.es6.js was preloaded using link preload but not used within a few seconds from the window's load event. Please make sure it has an appropriate `as` value and it is preloaded intentionally. @ https://www.kiplinger.com/taxes/the-mamdani-effect-in-new-york-can-the-city-afford-a-millionaire-tax:0
[ 2556549ms] [WARNING] The resource https://vanilla.futurecdn.net/kiplinger/news.Bn6mm-hD.es6.js was preloaded using link preload but not used within a few seconds from the window's load event. Please make sure it has an appropriate `as` value and it is preloaded intentionally. @ https://www.kiplinger.com/taxes/the-mamdani-effect-in-new-york-can-the-city-afford-a-millionaire-tax:0
[ 2576550ms] [WARNING] The resource https://vanilla.futurecdn.net/kiplinger/news.Bn6mm-hD.es6.js was preloaded using link preload but not used within a few seconds from the window's load event. Please make sure it has an appropriate `as` value and it is preloaded intentionally. @ https://www.kiplinger.com/taxes/the-mamdani-effect-in-new-york-can-the-city-afford-a-millionaire-tax:0
[ 2596555ms] [WARNING] The resource https://vanilla.futurecdn.net/kiplinger/news.Bn6mm-hD.es6.js was preloaded using link preload but not used within a few seconds from the window's load event. Please make sure it has an appropriate `as` value and it is preloaded intentionally. @ https://www.kiplinger.com/taxes/the-mamdani-effect-in-new-york-can-the-city-afford-a-millionaire-tax:0
[ 2616562ms] [WARNING] The resource https://vanilla.futurecdn.net/kiplinger/news.Bn6mm-hD.es6.js was preloaded using link preload but not used within a few seconds from the window's load event. Please make sure it has an appropriate `as` value and it is preloaded intentionally. @ https://www.kiplinger.com/taxes/the-mamdani-effect-in-new-york-can-the-city-afford-a-millionaire-tax:0
[ 2636909ms] [WARNING] The resource https://vanilla.futurecdn.net/kiplinger/news.Bn6mm-hD.es6.js was preloaded using link preload but not used within a few seconds from the window's load event. Please make sure it has an appropriate `as` value and it is preloaded intentionally. @ https://www.kiplinger.com/taxes/the-mamdani-effect-in-new-york-can-the-city-afford-a-millionaire-tax:0
[ 2656585ms] [WARNING] The resource https://vanilla.futurecdn.net/kiplinger/news.Bn6mm-hD.es6.js was preloaded using link preload but not used within a few seconds from the window's load event. Please make sure it has an appropriate `as` value and it is preloaded intentionally. @ https://www.kiplinger.com/taxes/the-mamdani-effect-in-new-york-can-the-city-afford-a-millionaire-tax:0
[ 2676598ms] [WARNING] The resource https://vanilla.futurecdn.net/kiplinger/news.Bn6mm-hD.es6.js was preloaded using link preload but not used within a few seconds from the window's load event. Please make sure it has an appropriate `as` value and it is preloaded intentionally. @ https://www.kiplinger.com/taxes/the-mamdani-effect-in-new-york-can-the-city-afford-a-millionaire-tax:0
[ 2696600ms] [WARNING] The resource https://vanilla.futurecdn.net/kiplinger/news.Bn6mm-hD.es6.js was preloaded using link preload but not used within a few seconds from the window's load event. Please make sure it has an appropriate `as` value and it is preloaded intentionally. @ https://www.kiplinger.com/taxes/the-mamdani-effect-in-new-york-can-the-city-afford-a-millionaire-tax:0
[ 2716602ms] [WARNING] The resource https://vanilla.futurecdn.net/kiplinger/news.Bn6mm-hD.es6.js was preloaded using link preload but not used within a few seconds from the window's load event. Please make sure it has an appropriate `as` value and it is preloaded intentionally. @ https://www.kiplinger.com/taxes/the-mamdani-effect-in-new-york-can-the-city-afford-a-millionaire-tax:0
[ 2736615ms] [WARNING] The resource https://vanilla.futurecdn.net/kiplinger/news.Bn6mm-hD.es6.js was preloaded using link preload but not used within a few seconds from the window's load event. Please make sure it has an appropriate `as` value and it is preloaded intentionally. @ https://www.kiplinger.com/taxes/the-mamdani-effect-in-new-york-can-the-city-afford-a-millionaire-tax:0
[ 2756623ms] [WARNING] The resource https://vanilla.futurecdn.net/kiplinger/news.Bn6mm-hD.es6.js was preloaded using link preload but not used within a few seconds from the window's load event. Please make sure it has an appropriate `as` value and it is preloaded intentionally. @ https://www.kiplinger.com/taxes/the-mamdani-effect-in-new-york-can-the-city-afford-a-millionaire-tax:0
[ 2776627ms] [WARNING] The resource https://vanilla.futurecdn.net/kiplinger/news.Bn6mm-hD.es6.js was preloaded using link preload but not used within a few seconds from the window's load event. Please make sure it has an appropriate `as` value and it is preloaded intentionally. @ https://www.kiplinger.com/taxes/the-mamdani-effect-in-new-york-can-the-city-afford-a-millionaire-tax:0
[ 2796630ms] [WARNING] The resource https://vanilla.futurecdn.net/kiplinger/news.Bn6mm-hD.es6.js was preloaded using link preload but not used within a few seconds from the window's load event. Please make sure it has an appropriate `as` value and it is preloaded intentionally. @ https://www.kiplinger.com/taxes/the-mamdani-effect-in-new-york-can-the-city-afford-a-millionaire-tax:0
[ 2816649ms] [WARNING] The resource https://vanilla.futurecdn.net/kiplinger/news.Bn6mm-hD.es6.js was preloaded using link preload but not used within a few seconds from the window's load event. Please make sure it has an appropriate `as` value and it is preloaded intentionally. @ https://www.kiplinger.com/taxes/the-mamdani-effect-in-new-york-can-the-city-afford-a-millionaire-tax:0
[ 2836664ms] [WARNING] The resource https://vanilla.futurecdn.net/kiplinger/news.Bn6mm-hD.es6.js was preloaded using link preload but not used within a few seconds from the window's load event. Please make sure it has an appropriate `as` value and it is preloaded intentionally. @ https://www.kiplinger.com/taxes/the-mamdani-effect-in-new-york-can-the-city-afford-a-millionaire-tax:0
[ 2856673ms] [WARNING] The resource https://vanilla.futurecdn.net/kiplinger/news.Bn6mm-hD.es6.js was preloaded using link preload but not used within a few seconds from the window's load event. Please make sure it has an appropriate `as` value and it is preloaded intentionally. @ https://www.kiplinger.com/taxes/the-mamdani-effect-in-new-york-can-the-city-afford-a-millionaire-tax:0
[ 2876687ms] [WARNING] The resource https://vanilla.futurecdn.net/kiplinger/news.Bn6mm-hD.es6.js was preloaded using link preload but not used within a few seconds from the window's load event. Please make sure it has an appropriate `as` value and it is preloaded intentionally. @ https://www.kiplinger.com/taxes/the-mamdani-effect-in-new-york-can-the-city-afford-a-millionaire-tax:0
[ 2983381ms] [WARNING] The resource https://vanilla.futurecdn.net/kiplinger/news.Bn6mm-hD.es6.js was preloaded using link preload but not used within a few seconds from the window's load event. Please make sure it has an appropriate `as` value and it is preloaded intentionally. @ https://www.kiplinger.com/taxes/the-mamdani-effect-in-new-york-can-the-city-afford-a-millionaire-tax:0
[ 3611784ms] [WARNING] The resource https://vanilla.futurecdn.net/kiplinger/news.Bn6mm-hD.es6.js was preloaded using link preload but not used within a few seconds from the window's load event. Please make sure it has an appropriate `as` value and it is preloaded intentionally. @ https://www.kiplinger.com/taxes/the-mamdani-effect-in-new-york-can-the-city-afford-a-millionaire-tax:0
[ 3623703ms] [WARNING] The resource https://vanilla.futurecdn.net/kiplinger/news.Bn6mm-hD.es6.js was preloaded using link preload but not used within a few seconds from the window's load event. Please make sure it has an appropriate `as` value and it is preloaded intentionally. @ https://www.kiplinger.com/taxes/the-mamdani-effect-in-new-york-can-the-city-afford-a-millionaire-tax:0
[ 6055380ms] [WARNING] The resource https://vanilla.futurecdn.net/kiplinger/news.Bn6mm-hD.es6.js was preloaded using link preload but not used within a few seconds from the window's load event. Please make sure it has an appropriate `as` value and it is preloaded intentionally. @ https://www.kiplinger.com/taxes/the-mamdani-effect-in-new-york-can-the-city-afford-a-millionaire-tax:0
[12199409ms] [WARNING] The resource https://vanilla.futurecdn.net/kiplinger/news.Bn6mm-hD.es6.js was preloaded using link preload but not used within a few seconds from the window's load event. Please make sure it has an appropriate `as` value and it is preloaded intentionally. @ https://www.kiplinger.com/taxes/the-mamdani-effect-in-new-york-can-the-city-afford-a-millionaire-tax:0
