[     554ms] [WARNING] The resource https://client.aps.amazon-adsystem.com/publisher.js was preloaded using link preload but not used within a few seconds from the window's load event. Please make sure it has an appropriate `as` value and it is preloaded intentionally. @ https://www.foxnews.com/politics/mamdani-clarifies-nyc-wont-check-immigration-status-universal-childcare-enrollees:0
[     554ms] [WARNING] The resource https://a57.foxnews.com/cf-images.us-east-1.prod.boltdns.net/v1/static/694940094001/60f5d096-c366-4e87-9bf9-ba3c1672274c/542162a2-5711-47c3-a2b7-5af4de4c32c0/1280x720/match/1280/720/image.jpg?ve=1&tl=1 was preloaded using link preload but not used within a few seconds from the window's load event. Please make sure it has an appropriate `as` value and it is preloaded intentionally. @ https://www.foxnews.com/politics/mamdani-clarifies-nyc-wont-check-immigration-status-universal-childcare-enrollees:0
[    3140ms] [WARNING] [WEBSOCKETS] - Subscribing with params {channels: Array(1)} AND subscriber undefined @ https://kalshi.com/_next/static/chunks/697d0f3be485a6ca.js?dpl=dpl_64d3Ucwh3GiNbJ896SLZDiwpb61a:0
[    3148ms] [WARNING] [WEBSOCKETS] - Subscribing with params {channels: Array(1), market_ids: Array(0)} AND subscriber undefined @ https://kalshi.com/_next/static/chunks/697d0f3be485a6ca.js?dpl=dpl_64d3Ucwh3GiNbJ896SLZDiwpb61a:0
[    3148ms] [WARNING] [WEBSOCKETS] - Subscribing with params {channels: Array(1)} AND subscriber undefined @ https://kalshi.com/_next/static/chunks/697d0f3be485a6ca.js?dpl=dpl_64d3Ucwh3GiNbJ896SLZDiwpb61a:0
[    4675ms] [WARNING] [GSI_LOGGER]: Your client application uses one of the Google One Tap prompt UI status methods that may stop functioning when FedCM becomes mandatory. Refer to the migration guide to update your code accordingly and opt-in to FedCM to test your changes. Learn more: https://developers.google.com/identity/gsi/web/guides/fedcm-migration?s=dc#display_moment and https://developers.google.com/identity/gsi/web/guides/fedcm-migration?s=dc#skipped_moment @ https://accounts.google.com/gsi/client:80
[    4809ms] [ERROR] Not signed in with the identity provider. @ https://kalshi.com/markets/kxnyctaxbillions/will-mamdani-tax-billionaires-before-2027/kxnyctaxbillions-27jan01:0
[    5787ms] [WARNING] [Meta Pixel] - Duplicate Pixel ID: 1537332917135729. @ https://connect.facebook.net/en_US/fbevents.js:177
[    5925ms] [ERROR] [GSI_LOGGER]: FedCM get() rejects with NetworkError: Error retrieving a token. @ https://accounts.google.com/gsi/client:81
[    5925ms] [LOG] Google One Tap: Skipped - unknown_reason @ https://kalshi.com/_next/static/chunks/b1860097ca0a189f.js?dpl=dpl_64d3Ucwh3GiNbJ896SLZDiwpb61a:0
[    6060ms] [LOG] datadog init config.commitRef a4bf3becb7ee16f7c02b0aa36c942779e70ae070 @ https://kalshi.com/_next/static/chunks/413e88de04f6088b.js?dpl=dpl_64d3Ucwh3GiNbJ896SLZDiwpb61a:0
[    6265ms] [ERROR] Attestation check for Attribution Reporting on https://www.facebook.com failed. @ https://kalshi.com/markets/kxnyctaxbillions/will-mamdani-tax-billionaires-before-2027/kxnyctaxbillions-27jan01:0
[    6276ms] [ERROR] Attestation check for Attribution Reporting on https://www.facebook.com failed. @ https://kalshi.com/markets/kxnyctaxbillions/will-mamdani-tax-billionaires-before-2027/kxnyctaxbillions-27jan01:0
[    6370ms] [ERROR] Failed to load resource: net::ERR_NAME_NOT_RESOLVED @ https://pixel.pointmediatracker.com/kpi?c=kalshi&kpi=visit&fpc=57b50216-5b06-45f6-88343f72536fcb9a&utm_source=undefined&utm_medium=undefined&utm_campaign=undefined&gtmcb=1443791518:0
[    6371ms] [ERROR] Attestation check for Attribution Reporting on https://www.facebook.com failed. @ https://kalshi.com/markets/kxnyctaxbillions/will-mamdani-tax-billionaires-before-2027/kxnyctaxbillions-27jan01:0
[    7135ms] [LOG] PS :: 22:43:40:622 Info: uapx Diagnostic - Host called API: Start With Config @ https://connect.universalads.com/uap.js:0
[    7141ms] [LOG] PS :: 22:43:40:628 Info: uapx Diagnostic - Host called API: Send Conversion @ https://connect.universalads.com/uap.js:0
[    7808ms] [WARNING] [Meta Pixel] - You are sending a non-standard event 'conversion'. The preferred way to send these events is using trackCustom. See 'https://developers.facebook.com/docs/ads-for-websites/pixel-events/#events' for more information. @ https://connect.facebook.net/en_US/fbevents.js:177
[    7815ms] [WARNING] [Meta Pixel] - Invalid parameter format for currency. Please refer https://developers.facebook.com/docs/meta-pixel/reference/ for valid parameter specifications. @ https://connect.facebook.net/en_US/fbevents.js:177
[    7816ms] [WARNING] [Meta Pixel] - Invalid parameter format for value. Please refer https://developers.facebook.com/docs/meta-pixel/reference/ for valid parameter specifications. @ https://connect.facebook.net/en_US/fbevents.js:177
[    7888ms] [WARNING] Amplitude Logger [Warn]: Plugin with name gtm-library-enrichment already exists, skipping registration @ https://cdn.amplitude.com/libs/analytics-browser-gtm-2.27.1-min.js.gz:0
[    8011ms] [LOG] PS :: 22:43:41:499 Info: Response: {} @ https://connect.universalads.com/uap.js:0
[    8012ms] [LOG] PS :: 22:43:41:499 Info: Server config success! @ https://connect.universalads.com/uap.js:0
[    8014ms] [LOG] PS :: 22:43:41:502 Info: uapx Diagnostic - Started SDK 1.8.0
      published 1/5/2026, 5:57:54 PM @ https://connect.universalads.com/uap.js:0
[    8014ms] [LOG] PS :: 22:43:41:502 Info: uapx Diagnostic - The log level is set to Info @ https://connect.universalads.com/uap.js:0
[    8081ms] [ERROR] Attestation check for Attribution Reporting on https://www.facebook.com failed. @ https://kalshi.com/markets/kxnyctaxbillions/will-mamdani-tax-billionaires-before-2027/kxnyctaxbillions-27jan01:0
[    8423ms] [LOG] PS :: 22:43:41:910 Info: Conversion success! @ https://connect.universalads.com/uap.js:0
[   13561ms] [ERROR] Error: <rect> attribute width: A negative value is not valid. ("-5.711883244820555") @ https://kalshi.com/_next/static/chunks/5912f702c93fe79c.js?dpl=dpl_64d3Ucwh3GiNbJ896SLZDiwpb61a:0
[   14426ms] [ERROR] Failed to load resource: the server responded with a status of 404 () @ https://ai-summary.kalshi.co/timeline-points?event_id=KXNYCTAXBILLIONS-27JAN01&market_ticker=KXNYCTAXBILLIONS-27JAN01:0
