[    3779ms] [LOG] %c【AdEngine】(production-134) queued at 1122ms and loaded in 238ms. (statisticalatlas.com:18266-1774866111347-default) color:#2dc9ac; @ https://adengine.snigelweb.com/statisticalatlas.com/18266-1774866111347/adngin.js:0
[    4356ms] [ERROR] Access to fetch at 'https://api.rlcdn.com/api/identity/envelope?pid=107' from origin 'https://statisticalatlas.com' has been blocked by CORS policy: No 'Access-Control-Allow-Origin' header is present on the requested resource. @ https://statisticalatlas.com/place/New-York/New-York/Household-Income:0
[    4357ms] [ERROR] Failed to load resource: net::ERR_FAILED @ https://api.rlcdn.com/api/identity/envelope?pid=107:0
[    4799ms] [ERROR] Access to fetch at 'https://hb-api.omnitagjs.com/hb-api/prebid/v1?RefererUrl=https%3A%2F%2Fstatisticalatlas.com%2Fplace%2FNew-York%2FNew-York%2FHousehold-Income&PageUrl=https%3A%2F%2Fstatisticalatlas.com%2Fplace%2FNew-York%2FNew-York%2FHousehold-Income&PageReferrer=https%3A%2F%2Fstatisticalatlas.com%2Fplace%2FNew-York%2FNew-York%2FHousehold-Income' from origin 'https://statisticalatlas.com' has been blocked by CORS policy: No 'Access-Control-Allow-Origin' header is present on the requested resource. @ https://statisticalatlas.com/place/New-York/New-York/Household-Income:0
[    4800ms] [ERROR] Failed to load resource: net::ERR_FAILED @ https://hb-api.omnitagjs.com/hb-api/prebid/v1?RefererUrl=https%3A%2F%2Fstatisticalatlas.com%2Fplace%2FNew-York%2FNew-York%2FHousehold-Income&PageUrl=https%3A%2F%2Fstatisticalatlas.com%2Fplace%2FNew-York%2FNew-York%2FHousehold-Income&PageReferrer=https%3A%2F%2Fstatisticalatlas.com%2Fplace%2FNew-York%2FNew-York%2FHousehold-Income:0
[    7584ms] [LOG] Starting 3pc test @ https://static.anonm.io/light/check3pc.html:9
[    7586ms] [LOG] 3PC enabled: true @ https://static.anonm.io/light/check3pc.html:32
[    7586ms] [LOG] Storage API: cookie access granted @ https://static.anonm.io/light/check3pc.html:15
[    8720ms] [ERROR] Failed to load resource: the server responded with a status of 422 () @ https://match.sharethrough.com/FGMrCMMc/v1?redirectUri=https%3A%2F%2Fsync.sparteo.com%2Fsetuid%3Fpslabel%3Dnull%26bidder%3Dsharethrough%26gdpr%3D0%26gdpr_consent%3D%26us_privacy%3D%26gpp%3D%26gpp_sid%3D%26f%3Di%26uid%3D%24UID&gdpr=0&gdpr_consent=&us_privacy=:0
[    8744ms] [WARNING] AnonRetargeting: auth token expired. Retargeting will start after OOF @ https://cdn1.anonymised.io/light/retargeting.js?v=1.8.52:0
[   11039ms] [WARNING] Google Deploy of the SharedId library has been deprecated. Please select another option in the GAM UI. If you use Prebid, we suggest the Prebid.js UserId option. If you do not, you may configure GAM to allow Google to share a first party user identifier with OB and AB participants, which is either the publisherProvidedId or the __gads value when that is missing. @ https://cdn.jsdelivr.net/gh/prebid/shared-id/pubcid.js/docs/pubcid.min.js:0
[   11722ms] [ERROR] Failed to load resource: the server responded with a status of 400 () @ https://match.prod.bidr.io/cookie-sync/syn:0
[   12610ms] [ERROR] Failed to load resource: net::ERR_CERT_DATE_INVALID @ https://tracker.adex-rtb.com/sync?id=1&uid=261CAA5C4DCE4E4C98042D3726AAF2C6:0
[   13863ms] [WARNING] [GPT] Using deprecated googletag.encryptedSignalProviders. Please use googletag.secureSignalProviders instead.
https://goo.gle/gpt-message#155 @ https://securepubads.g.doubleclick.net/pagead/managed/js/gpt/m202603310101/pubads_impl.js:18
[   14058ms] [WARNING] Anonymised tag: GPT Targeting is enabled but the AD request does not include anonymised segments @ https://cdn1.anonymised.io/light/bundle.js?v=1.8.52:0
[   18374ms] [ERROR] Failed to load resource: the server responded with a status of 404 () @ https://vid.springserve.com/vast/362290:0
[   19585ms] [WARNING] An iframe which has both allow-scripts and allow-same-origin for its sandbox attribute can escape its sandboxing. @ about:srcdoc:0
[   20956ms] [WARNING] An iframe which has both allow-scripts and allow-same-origin for its sandbox attribute can escape its sandboxing. @ about:srcdoc:0
[   23697ms] [WARNING] An iframe which has both allow-scripts and allow-same-origin for its sandbox attribute can escape its sandboxing. @ about:srcdoc:0
[   24207ms] [WARNING] An iframe which has both allow-scripts and allow-same-origin for its sandbox attribute can escape its sandboxing. @ about:srcdoc:0
[   30948ms] [ERROR] Failed to load resource: net::ERR_CONNECTION_RESET @ https://cs.admanmedia.com/e805be652c9053b8f771665f0ac3c361.gif?puid=k-3uAM71SMG1bHjiBVP_h-ImfObDsjh14ypH7Wvg&redir=https%3a%2f%2fssp-sync.criteo.com%2fuser-sync%2fmatch%3fp%3doESJVV9JYVZaZXQ1dFB3cmo3c1JxN2hseVFIVWhJNiUyRnRrOHFuRkhDb3ZNUSUyQmNycyUzRA%26u%3d%5bUID%5d&gdpr=&gdpr_consent=&ccpa=%7b%7bUS_PRIVACY%7d%7d:0
[   40698ms] [ERROR] Access to fetch at 'https://hb-api.omnitagjs.com/hb-api/prebid/v1?RefererUrl=https%3A%2F%2Fstatisticalatlas.com%2Fplace%2FNew-York%2FNew-York%2FHousehold-Income&PageUrl=https%3A%2F%2Fstatisticalatlas.com%2Fplace%2FNew-York%2FNew-York%2FHousehold-Income&PageReferrer=https%3A%2F%2Fstatisticalatlas.com%2Fplace%2FNew-York%2FNew-York%2FHousehold-Income' from origin 'https://statisticalatlas.com' has been blocked by CORS policy: No 'Access-Control-Allow-Origin' header is present on the requested resource. @ https://statisticalatlas.com/place/New-York/New-York/Household-Income:0
[   40698ms] [ERROR] Failed to load resource: net::ERR_FAILED @ https://hb-api.omnitagjs.com/hb-api/prebid/v1?RefererUrl=https%3A%2F%2Fstatisticalatlas.com%2Fplace%2FNew-York%2FNew-York%2FHousehold-Income&PageUrl=https%3A%2F%2Fstatisticalatlas.com%2Fplace%2FNew-York%2FNew-York%2FHousehold-Income&PageReferrer=https%3A%2F%2Fstatisticalatlas.com%2Fplace%2FNew-York%2FNew-York%2FHousehold-Income:0
