[    1006ms] [WARNING] [WEBSOCKETS] - Subscribing with params {channels: Array(1)} AND subscriber undefined @ https://kalshi.com/_next/static/chunks/697d0f3be485a6ca.js?dpl=dpl_64d3Ucwh3GiNbJ896SLZDiwpb61a:0
[    1011ms] [WARNING] [WEBSOCKETS] - Subscribing with params {channels: Array(1), market_ids: Array(0)} AND subscriber undefined @ https://kalshi.com/_next/static/chunks/697d0f3be485a6ca.js?dpl=dpl_64d3Ucwh3GiNbJ896SLZDiwpb61a:0
[    1011ms] [WARNING] [WEBSOCKETS] - Subscribing with params {channels: Array(1)} AND subscriber undefined @ https://kalshi.com/_next/static/chunks/697d0f3be485a6ca.js?dpl=dpl_64d3Ucwh3GiNbJ896SLZDiwpb61a:0
[    1715ms] [WARNING] [GSI_LOGGER]: Your client application uses one of the Google One Tap prompt UI status methods that may stop functioning when FedCM becomes mandatory. Refer to the migration guide to update your code accordingly and opt-in to FedCM to test your changes. Learn more: https://developers.google.com/identity/gsi/web/guides/fedcm-migration?s=dc#display_moment and https://developers.google.com/identity/gsi/web/guides/fedcm-migration?s=dc#skipped_moment @ https://accounts.google.com/gsi/client:80
[    1848ms] [ERROR] Not signed in with the identity provider. @ https://kalshi.com/markets/kxnyctaxmillions/will-mamdani-tax-incomes-over-1m-/kxnyctaxmillions-27jan01:0
[    2041ms] [WARNING] [Meta Pixel] - Duplicate Pixel ID: 1537332917135729. @ https://connect.facebook.net/en_US/fbevents.js:177
[    2274ms] [ERROR] Attestation check for Attribution Reporting on https://www.facebook.com failed. @ https://kalshi.com/markets/kxnyctaxmillions/will-mamdani-tax-incomes-over-1m-/kxnyctaxmillions-27jan01:0
[    2298ms] [ERROR] Attestation check for Attribution Reporting on https://www.facebook.com failed. @ https://kalshi.com/markets/kxnyctaxmillions/will-mamdani-tax-incomes-over-1m-/kxnyctaxmillions-27jan01:0
[    2475ms] [ERROR] Failed to load resource: net::ERR_NAME_NOT_RESOLVED @ https://pixel.pointmediatracker.com/kpi?c=kalshi&kpi=visit&fpc=57b50216-5b06-45f6-88343f72536fcb9a&utm_source=undefined&utm_medium=undefined&utm_campaign=undefined&gtmcb=835184507:0
[    2501ms] [LOG] datadog init config.commitRef a4bf3becb7ee16f7c02b0aa36c942779e70ae070 @ https://kalshi.com/_next/static/chunks/413e88de04f6088b.js?dpl=dpl_64d3Ucwh3GiNbJ896SLZDiwpb61a:0
[    2617ms] [LOG] PS :: 22:44:12:641 Info: uapx Diagnostic - Host called API: Start With Config @ https://connect.universalads.com/uap.js:0
[    2618ms] [LOG] PS :: 22:44:12:643 Info: uapx Diagnostic - Host called API: Send Conversion @ https://connect.universalads.com/uap.js:0
[    2621ms] [LOG] PS :: 22:44:12:645 Info: uapx Diagnostic - Started SDK 1.8.0
      published 1/5/2026, 5:57:54 PM @ https://connect.universalads.com/uap.js:0
[    2621ms] [LOG] PS :: 22:44:12:646 Info: uapx Diagnostic - The log level is set to Info @ https://connect.universalads.com/uap.js:0
[    2692ms] [ERROR] Attestation check for Attribution Reporting on https://www.facebook.com failed. @ https://kalshi.com/markets/kxnyctaxmillions/will-mamdani-tax-incomes-over-1m-/kxnyctaxmillions-27jan01:0
[    3028ms] [LOG] PS :: 22:44:13:53 Info: Conversion success! @ https://connect.universalads.com/uap.js:0
[    3178ms] [WARNING] Amplitude Logger [Warn]: Plugin with name gtm-library-enrichment already exists, skipping registration @ https://cdn.amplitude.com/libs/analytics-browser-gtm-2.27.1-min.js.gz:0
[    3365ms] [WARNING] [Meta Pixel] - You are sending a non-standard event 'conversion'. The preferred way to send these events is using trackCustom. See 'https://developers.facebook.com/docs/ads-for-websites/pixel-events/#events' for more information. @ https://connect.facebook.net/en_US/fbevents.js:177
[    3376ms] [WARNING] [Meta Pixel] - Invalid parameter format for currency. Please refer https://developers.facebook.com/docs/meta-pixel/reference/ for valid parameter specifications. @ https://connect.facebook.net/en_US/fbevents.js:177
[    3381ms] [WARNING] [Meta Pixel] - Invalid parameter format for value. Please refer https://developers.facebook.com/docs/meta-pixel/reference/ for valid parameter specifications. @ https://connect.facebook.net/en_US/fbevents.js:177
[    3637ms] [ERROR] Attestation check for Attribution Reporting on https://www.facebook.com failed. @ https://kalshi.com/markets/kxnyctaxmillions/will-mamdani-tax-incomes-over-1m-/kxnyctaxmillions-27jan01:0
[   11599ms] [ERROR] Failed to load resource: the server responded with a status of 404 () @ https://ai-summary.kalshi.co/timeline-points?event_id=KXNYCTAXMILLIONS-27JAN01&market_ticker=KXNYCTAXMILLIONS-27JAN01:0
[   14932ms] [ERROR] [GSI_LOGGER]: FedCM get() rejects with NetworkError: Error retrieving a token. @ https://kalshi.com/_next/static/chunks/d2948116449bd792.js?dpl=dpl_64d3Ucwh3GiNbJ896SLZDiwpb61a:0
[   14954ms] [LOG] Google One Tap: Skipped - unknown_reason @ https://kalshi.com/_next/static/chunks/b1860097ca0a189f.js?dpl=dpl_64d3Ucwh3GiNbJ896SLZDiwpb61a:0
